Arguments: 
  /usr/bin/node /usr/bin/yarn add dev

PATH: 
  /home/florianr/.local/bin:/home/florianr/bin:/usr/local/bin:/usr/local/sbin:/usr/bin:/usr/sbin:/var/lib/snapd/snap/bin:/home/florianr/.local/share/coursier/bin:/home/florianr/.local/share/coursier/bin:/home/florianr/.local/share/coursier/bin:/home/florianr/.local/share/coursier/bin

Yarn version: 
  1.22.19

Node version: 
  20.5.0

Platform: 
  linux x64

Trace: 
  Error: https://registry.yarnpkg.com/@types%2flichess: Not found
      at params.callback [as _callback] (/usr/lib/node_modules/yarn/lib/cli.js:66145:18)
      at self.callback (/usr/lib/node_modules/yarn/lib/cli.js:140890:22)
      at Request.emit (node:events:514:28)
      at Request.<anonymous> (/usr/lib/node_modules/yarn/lib/cli.js:141862:10)
      at Request.emit (node:events:514:28)
      at IncomingMessage.<anonymous> (/usr/lib/node_modules/yarn/lib/cli.js:141784:12)
      at Object.onceWrapper (node:events:628:28)
      at IncomingMessage.emit (node:events:526:35)
      at endReadableNT (node:internal/streams/readable:1376:12)
      at process.processTicksAndRejections (node:internal/process/task_queues:82:21)

npm manifest: 
  {
    "name": "puzzle",
    "version": "2.0.0",
    "private": true,
    "description": "lichess.org puzzle solver",
    "keywords": [
      "chess",
      "lichess",
      "puzzle",
      "training"
    ],
    "author": "Thibault Duplessis",
    "license": "AGPL-3.0-or-later",
    "dependencies": {
      "@types/cash": "workspace:*",
      "@types/lichess": "workspace:*",
      "ceval": "workspace:*",
      "chart.js": "=3.9.1",
      "chess": "workspace:*",
      "chessops": "^0.12.7",
      "common": "workspace:*",
      "keyboardMove": "workspace:*",
      "voice": "workspace:*",
      "nvui": "workspace:*",
      "board": "workspace:*",
      "snabbdom": "^3.5.1",
      "tree": "workspace:*"
    },
    "scripts": {
      "compile": "tsc",
      "dev": "tsc",
      "prod": "tsc"
    },
    "lichess": {
      "modules": {
        "esm": {
          "src/main.ts": "puzzle",
          "src/dashboard.ts": "puzzle.dashboard",
          "src/opening.ts": "puzzle.opening",
          "src/plugins/nvui.ts": "puzzle.nvui"
        }
      }
    }
  }

yarn manifest: 
  No manifest

Lockfile: 
  No lockfile
